<?xml version="1.0" encoding="UTF-8"?>
<testsuite xmlns:xsi="http://www.w3.org/2001/XMLSchema-instance" xsi:noNamespaceSchemaLocation="https://maven.apache.org/surefire/maven-surefire-plugin/xsd/surefire-test-report.xsd" version="3.0.2" name="TestSuite" time="7.45" tests="4" errors="0" skipped="0" failures="0">
  <properties>
[...]
</properties>
  <testcase name="runScenario[&quot;Submitting a Login form&quot;, &quot;Optional[Swag Labs submission - Login form submission]&quot;](1)" classname="runners.TestRunner" time="4.489">
    <system-out><![CDATA[
@Checkout @regression
Scenario: Checkout of a single product                              &amp#27;[90m# src/test/resources/features/Checkout.feature:6&amp#27;[0m

@Login @regression @smoke
Scenario: Submitting a Login form                  &amp#27;[90m# src/test/resources/features/Login.feature:9&amp#27;[0m

@Cart @regression
Scenario: Add  product 'Sauce Labs Backpack' to the cart      &amp#27;[90m# src/test/resources/features/Cart.feature:4&amp#27;[0m
  &amp#27;[32mGiven &amp#27;[0m&amp#27;[32mI access SwagLabs login form&amp#27;[0m               &amp#27;[90m# stepDefinitions.Login_Steps.iAccessSwagLabsLoginForm()&amp#27;[0m
  &amp#27;[32mGiven &amp#27;[0m&amp#27;[32mi am in login page&amp#27;[0m                                          &amp#27;[90m# stepDefinitions.CheckOut_Steps.iAmInLoginPage()&amp#27;[0m
  &amp#27;[32mWhen &amp#27;[0m&amp#27;[32mI enter a valid username &amp#27;[0m&amp#27;[32m&amp#27;[1mstandard_user&amp#27;[0m      &amp#27;[90m# stepDefinitions.Login_Steps.iEnterAValidUsernameStandard_user(java.lang.String)&amp#27;[0m
  &amp#27;[32mAnd &amp#27;[0m&amp#27;[32mI enter a valid password &amp#27;[0m&amp#27;[32m&amp#27;[1msecret_sauce&amp#27;[0m        &amp#27;[90m# stepDefinitions.Login_Steps.iEnterAValidPassword(java.lang.String)&amp#27;[0m
  &amp#27;[32mGiven &amp#27;[0m&amp#27;[32mI am logged in&amp#27;[0m                                        &amp#27;[90m# stepDefinitions.Cart_Step.iAmLoggedIn()&amp#27;[0m
  &amp#27;[32mWhen &amp#27;[0m&amp#27;[32mI add product &amp#27;[0m&amp#27;[32m&amp#27;[1m'Sauce Labs Backpack'&amp#27;[0m&amp#27;[32m to the cart&amp#27;[0m        &amp#27;[90m# stepDefinitions.Cart_Step.iAddProductSauceLabsBackpackToTheCart(java.lang.String)&amp#27;[0m
  &amp#27;[32mWhen &amp#27;[0m&amp#27;[32mlog in with user &amp#27;[0m&amp#27;[32m&amp#27;[1m"standard_user"&amp#27;[0m&amp#27;[32m and password &amp#27;[0m&amp#27;[32m&amp#27;[1m"secret_sauce"&amp#27;[0m &amp#27;[90m# stepDefinitions.CheckOut_Steps.logInWithUserAndPassword(java.lang.String,java.lang.String)&amp#27;[0m
  &amp#27;[32mAnd &amp#27;[0m&amp#27;[32mI click on the login button&amp#27;[0m                  &amp#27;[90m# stepDefinitions.Login_Steps.iClickOnTheLoginButton()&amp#27;[0m
  &amp#27;[32mThen &amp#27;[0m&amp#27;[32mI should be redirected to the products page&amp#27;[0m &amp#27;[90m# stepDefinitions.Login_Steps.iShouldBeRedirectedToTheProductsPage()&amp#27;[0m
  &amp#27;[32mThen &amp#27;[0m&amp#27;[32mi should be redirected to the products page&amp#27;[0m                  &amp#27;[90m# stepDefinitions.CheckOut_Steps.iShouldBeRedirectedToTheProductsPage()&amp#27;[0m
  &amp#27;[32mAnd &amp#27;[0m&amp#27;[32mI go to the cart page by clicking on the cart icon&amp#27;[0m      &amp#27;[90m# stepDefinitions.Cart_Step.iGoToTheCartPageByClickingOnTheCartIcon()&amp#27;[0m
  &amp#27;[32mThen &amp#27;[0m&amp#27;[32mI should see product &amp#27;[0m&amp#27;[32m&amp#27;[1m'Sauce Labs Backpack'&amp#27;[0m&amp#27;[32m in the cart&amp#27;[0m &amp#27;[90m# stepDefinitions.Cart_Step.iShouldSeeProductSauceLabsBackpackInTheCart(java.lang.String)&amp#27;[0m
  &amp#27;[32mWhen &amp#27;[0m&amp#27;[32mi add product &amp#27;[0m&amp#27;[32m&amp#27;[1m"Sauce Labs Backpack"&amp#27;[0m&amp#27;[32m to the cart&amp#27;[0m              &amp#27;[90m# stepDefinitions.CheckOut_Steps.iAddProductToTheCart(java.lang.String)&amp#27;[0m
  &amp#27;[32mAnd &amp#27;[0m&amp#27;[32mi go to the cart page by clicking on the cart icon&amp#27;[0m            &amp#27;[90m# stepDefinitions.CheckOut_Steps.iGoToTheCartPageByClickingOnTheCartIcon()&amp#27;[0m
  &amp#27;[32mThen &amp#27;[0m&amp#27;[32mi should see product &amp#27;[0m&amp#27;[32m&amp#27;[1m"Sauce Labs Backpack"&amp#27;[0m&amp#27;[32m in the cart&amp#27;[0m       &amp#27;[90m# stepDefinitions.CheckOut_Steps.iShouldSeeProductInTheCart(java.lang.String)&amp#27;[0m
  &amp#27;[32mWhen &amp#27;[0m&amp#27;[32mi click on checkout button&amp#27;[0m                                   &amp#27;[90m# stepDefinitions.CheckOut_Steps.iClickOnCheckoutButton()&amp#27;[0m
  &amp#27;[32mThen &amp#27;[0m&amp#27;[32mi should be redirected to the checkout page&amp#27;[0m                  &amp#27;[90m# stepDefinitions.CheckOut_Steps.iShouldBeRedirectedToTheCheckoutPage()&amp#27;[0m
]]></system-out>
    <system-err><![CDATA[SLF4J(W): No SLF4J providers were found.
SLF4J(W): Defaulting to no-operation (NOP) logger implementation
SLF4J(W): See https://www.slf4j.org/codes.html#noProviders for further details.
Starting ChromeDriveSrt ar1t3in3.g0 C.h6ro9m4e3D.r141 (2iav5ed6rd a1033d6.01.656943.d1471 b(21a057d5602d09a5a093d671f6e57d770b1407f50c2e0f965-ar93ef7sfe/7b70r4afcnecfh6--hrefs/breanachd-sh/ea6d9s4/639@4{3#1@91{2#})1 9o1n 2p}o) rotn  po5rt7 68140256

OOnnlly ylo claol cconanlec tcioonnns eacrtei oanlsl oawerde .al
lPolewaseed. s
ePlee hatstpe sse:e// chhrtotmpedsri:v/e/r.cchhrromoimedurmi.voregr/.sechcruormitiyu-mc.oonsrigd/seercautriitoyn-sc ofnsoirde rsautggieosnst ifoonrs  suognge sktieoepninsg  Cohrnom eDkrieveepri snagfe .Ch
romeDriver safe.
CChhrroomemDeriDvreri vwaesr s tawrSatste da sstruacrctteeisdnsg  sfCuuhclrlcoyem seosDnrf iuvlpelyro  r1ont3 3 p.o60r1.46t92 4635..781
0451. (
2a5d6da0d6165d7b107502095a937fe7704fcef6-refs/branch-heads/6943@{#1912}) on port 53597
Only local connections are allowed.
Please see https://chromedriver.chromium.org/security-considerations for suggestions on keeping ChromeDriver safe.
ChromeDriver was started successfully on port 53597.
mar. 09, 2025 2:09:06 PM org.openqa.selenium.remote.ProtocolHandshake createSession
INFO: Detected dialect: W3C
mar. 09, 2025 2:09:06 PM org.openqa.selenium.remote.ProtocolHandshake createSession
INFO: Detected dialect: W3C
mar. 09, 2025 2:09:06 PM org.openqa.selenium.devtools.CdpVersionFinder findNearestMatch
WARNING: Unable to find an exact match for CDP version 133, so returning the closest version found: a no-op implementation
mar. 09, 2025 2:09:06 PM org.openqa.selenium.devtools.CdpVersionFinder findNearestMatch
WARNING: Unable to find an exact match for CDP version 133, so returning the closest version found: a no-op implementation
mar. 09, 2025 2:09:06 PM org.openqa.selenium.devtools.CdpVersionFinder findNearestMatch
INFO: Unable to find CDP implementation matching 133.
mar. 09, 2025 2:09:06 PM org.openqa.selenium.devtools.CdpVersionFinder findNearestMatch
INFO: Unable to find CDP implementation matching 133.
mar. 09, 2025 2:09:06 PM org.openqa.selenium.chromium.ChromiumDriver lambda$new$3
WARNING: Unable to find version of CDP to use for . You may need to include a dependency on a specific version of the CDP using something similar to `org.seleniumhq.selenium:selenium-devtools-v86:4.0.0` where the version ("v86") matches the version of the chromium-based browser you're using and the version number of the artifact is the same as Selenium's.
mar. 09, 2025 2:09:06 PM org.openqa.selenium.chromium.ChromiumDriver lambda$new$3
WARNING: Unable to find version of CDP to use for . You may need to include a dependency on a specific version of the CDP using something similar to `org.seleniumhq.selenium:selenium-devtools-v86:4.0.0` where the version ("v86") matches the version of the chromium-based browser you're using and the version number of the artifact is the same as Selenium's.
mar. 09, 2025 2:09:06 PM org.openqa.selenium.remote.ProtocolHandshake createSession
INFO: Detected dialect: W3C
mar. 09, 2025 2:09:06 PM org.openqa.selenium.devtools.CdpVersionFinder findNearestMatch
WARNING: Unable to find an exact match for CDP version 133, so returning the closest version found: a no-op implementation
mar. 09, 2025 2:09:06 PM org.openqa.selenium.devtools.CdpVersionFinder findNearestMatch
INFO: Unable to find CDP implementation matching 133.
mar. 09, 2025 2:09:06 PM org.openqa.selenium.chromium.ChromiumDriver lambda$new$3
WARNING: Unable to find version of CDP to use for . You may need to include a dependency on a specific version of the CDP using something similar to `org.seleniumhq.selenium:selenium-devtools-v86:4.0.0` where the version ("v86") matches the version of the chromium-based browser you're using and the version number of the artifact is the same as Selenium's.
]]></system-err>
  </testcase>
  <testcase name="runScenario[&quot;Add  product &apos;Sauce Labs Backpack&apos; to the cart&quot;, &quot;Optional[Swag Labs - Add product to cart]&quot;](2)" classname="runners.TestRunner" time="0.117">
    <system-out><![CDATA[
@Login @regression
Scenario: Submitting a Login form with a invalid password           &amp#27;[90m# src/test/resources/features/Login.feature:15&amp#27;[0m
]]></system-out>
  </testcase>
  <testcase name="runScenario[&quot;Checkout of a single product&quot;, &quot;Optional[Checkout end-to-end]&quot;](3)" classname="runners.TestRunner" time="1.137">
    <system-out><![CDATA[  &amp#27;[32mWhen &amp#27;[0m&amp#27;[32mi fill the name &amp#27;[0m&amp#27;[32m&amp#27;[1m"John"&amp#27;[0m&amp#27;[32m, last name &amp#27;[0m&amp#27;[32m&amp#27;[1m"Doe"&amp#27;[0m&amp#27;[32m and ZIP &amp#27;[0m&amp#27;[32m&amp#27;[1m"54270100"&amp#27;[0m   &amp#27;[90m# stepDefinitions.CheckOut_Steps.iFillTheNameLastNameAndZIP(java.lang.String,java.lang.String,java.lang.String)&amp#27;[0m
  &amp#27;[32mAnd &amp#27;[0m&amp#27;[32mi click on continue&amp#27;[0m                                           &amp#27;[90m# stepDefinitions.CheckOut_Steps.iClickOnContinue()&amp#27;[0m
  &amp#27;[32mThen &amp#27;[0m&amp#27;[32mi should be redirected to the checkout overview page&amp#27;[0m         &amp#27;[90m# stepDefinitions.CheckOut_Steps.iShouldBeRedirectedToTheCheckoutOverviewPage()&amp#27;[0m
  &amp#27;[32mWhen &amp#27;[0m&amp#27;[32mi click on finish&amp#27;[0m                                            &amp#27;[90m# stepDefinitions.CheckOut_Steps.iClickOnFinish()&amp#27;[0m
  &amp#27;[32mThen &amp#27;[0m&amp#27;[32mi should see the order confirmation page&amp#27;[0m                     &amp#27;[90m# stepDefinitions.CheckOut_Steps.iShouldSeeTheOrderConfirmationPage()&amp#27;[0m
Thank you for your order!
  &amp#27;[32mAnd &amp#27;[0m&amp#27;[32mi should see the message &amp#27;[0m&amp#27;[32m&amp#27;[1m"Thank you for your order!"&amp#27;[0m          &amp#27;[90m# stepDefinitions.CheckOut_Steps.iShouldSeeTheMessage(java.lang.String)&amp#27;[0m
]]></system-out>
    <system-err><![CDATA[Starting ChromeDriver 133.0.6943.141 (2a5d6da0d6165d7b107502095a937fe7704fcef6-refs/branch-heads/6943@{#1912}) on port 60503
Only local connections are allowed.
Please see https://chromedriver.chromium.org/security-considerations for suggestions on keeping ChromeDriver safe.
ChromeDriver was started successfully on port 60503.
mar. 09, 2025 2:09:09 PM org.openqa.selenium.remote.ProtocolHandshake createSession
INFO: Detected dialect: W3C
mar. 09, 2025 2:09:09 PM org.openqa.selenium.devtools.CdpVersionFinder findNearestMatch
WARNING: Unable to find an exact match for CDP version 133, so returning the closest version found: a no-op implementation
mar. 09, 2025 2:09:09 PM org.openqa.selenium.devtools.CdpVersionFinder findNearestMatch
INFO: Unable to find CDP implementation matching 133.
mar. 09, 2025 2:09:09 PM org.openqa.selenium.chromium.ChromiumDriver lambda$new$3
WARNING: Unable to find version of CDP to use for . You may need to include a dependency on a specific version of the CDP using something similar to `org.seleniumhq.selenium:selenium-devtools-v86:4.0.0` where the version ("v86") matches the version of the chromium-based browser you're using and the version number of the artifact is the same as Selenium's.
]]></system-err>
  </testcase>
  <testcase name="runScenario[&quot;Submitting a Login form with a invalid password&quot;, &quot;Optional[Swag Labs submission - Login form submission]&quot;](4)" classname="runners.TestRunner" time="2.223">
    <system-out><![CDATA[  &amp#27;[32mGiven &amp#27;[0m&amp#27;[32mI access SwagLabs login form&amp#27;[0m                                &amp#27;[90m# stepDefinitions.Login_Steps.iAccessSwagLabsLoginForm()&amp#27;[0m
  &amp#27;[32mWhen &amp#27;[0m&amp#27;[32mI enter a valid username &amp#27;[0m&amp#27;[32m&amp#27;[1mstandard_user&amp#27;[0m                       &amp#27;[90m# stepDefinitions.Login_Steps.iEnterAValidUsernameStandard_user(java.lang.String)&amp#27;[0m
  &amp#27;[32mAnd &amp#27;[0m&amp#27;[32mI enter an invalid password &amp#27;[0m&amp#27;[32m&amp#27;[1msecret_sauce1&amp#27;[0m                     &amp#27;[90m# stepDefinitions.Login_Steps.iEnterAnInvalidPasswordSecret_sauce(java.lang.String)&amp#27;[0m
  &amp#27;[32mAnd &amp#27;[0m&amp#27;[32mI click on the login button&amp#27;[0m                                   &amp#27;[90m# stepDefinitions.Login_Steps.iClickOnTheLoginButton()&amp#27;[0m
Epic sadface: Username and password do not match any user in this service
  &amp#27;[32mThen &amp#27;[0m&amp#27;[32mI should be presented with a unsuccessful validation message&amp#27;[0m &amp#27;[90m# stepDefinitions.Login_Steps.iShouldBePresentedWithAUnsuccessfulValidationMessage()&amp#27;[0m
]]></system-out>
  </testcase>
</testsuite>